2024-07-15T10:20:46.564+04:00  INFO 18300 --- [Student] [main] com.ltc.student.StudentApplication       : Starting StudentApplication using Java 17.0.11 with PID 18300 (C:\Users\Nihad\IdeaProjects\ltclab-java_backend_development\SPRING_BOOT\lesson 33\Student\build\classes\java\main started by Nihad in C:\Users\Nihad\IdeaProjects\ltclab-java_backend_development\SPRING_BOOT\lesson 33\Student)
2024-07-15T10:20:46.564+04:00  INFO 18300 --- [Student] [main] com.ltc.student.StudentApplication       : No active profile set, falling back to 1 default profile: "default"
2024-07-15T10:20:47.241+04:00  INFO 18300 --- [Student] [main] .s.d.r.c.RepositoryConfigurationDelegate : Bootstrapping Spring Data JPA repositories in DEFAULT mode.
2024-07-15T10:20:47.299+04:00  INFO 18300 --- [Student] [main] .s.d.r.c.RepositoryConfigurationDelegate : Finished Spring Data repository scanning in 49 ms. Found 4 JPA repository interfaces.
2024-07-15T10:20:47.721+04:00  INFO 18300 --- [Student] [main] o.s.b.w.embedded.tomcat.TomcatWebServer  : Tomcat initialized with port 8080 (http)
2024-07-15T10:20:47.731+04:00  INFO 18300 --- [Student] [main] o.apache.catalina.core.StandardService   : Starting service [Tomcat]
2024-07-15T10:20:47.731+04:00  INFO 18300 --- [Student] [main] o.apache.catalina.core.StandardEngine    : Starting Servlet engine: [Apache Tomcat/10.1.25]
2024-07-15T10:20:47.785+04:00  INFO 18300 --- [Student] [main] o.a.c.c.C.[Tomcat].[localhost].[/]       : Initializing Spring embedded WebApplicationContext
2024-07-15T10:20:47.785+04:00  INFO 18300 --- [Student] [main] w.s.c.ServletWebServerApplicationContext : Root WebApplicationContext: initialization completed in 1171 ms
2024-07-15T10:20:47.927+04:00  INFO 18300 --- [Student] [main] o.hibernate.jpa.internal.util.LogHelper  : HHH000204: Processing PersistenceUnitInfo [name: default]
2024-07-15T10:20:47.977+04:00  INFO 18300 --- [Student] [main] org.hibernate.Version                    : HHH000412: Hibernate ORM core version 6.5.2.Final
2024-07-15T10:20:48.005+04:00  INFO 18300 --- [Student] [main] o.h.c.internal.RegionFactoryInitiator    : HHH000026: Second-level cache disabled
2024-07-15T10:20:48.290+04:00  INFO 18300 --- [Student] [main] o.s.o.j.p.SpringPersistenceUnitInfo      : No LoadTimeWeaver setup: ignoring JPA class transformer
2024-07-15T10:20:48.314+04:00  INFO 18300 --- [Student] [main] com.zaxxer.hikari.HikariDataSource       : HikariPool-1 - Starting...
2024-07-15T10:20:48.453+04:00  INFO 18300 --- [Student] [main] com.zaxxer.hikari.pool.HikariPool        : HikariPool-1 - Added connection org.postgresql.jdbc.PgConnection@40cf6254
2024-07-15T10:20:48.454+04:00  INFO 18300 --- [Student] [main] com.zaxxer.hikari.HikariDataSource       : HikariPool-1 - Start completed.
2024-07-15T10:20:48.484+04:00  WARN 18300 --- [Student] [main] org.hibernate.orm.deprecation            : HHH90000025: PostgreSQLDialect does not need to be specified explicitly using 'hibernate.dialect' (remove the property setting and it will be selected by default)
2024-07-15T10:20:49.394+04:00  INFO 18300 --- [Student] [main] o.h.e.t.j.p.i.JtaPlatformInitiator       : HHH000489: No JTA platform available (set 'hibernate.transaction.jta.platform' to enable JTA platform integration)
2024-07-15T10:20:49.526+04:00  INFO 18300 --- [Student] [main] j.LocalContainerEntityManagerFactoryBean : Initialized JPA EntityManagerFactory for persistence unit 'default'
2024-07-15T10:20:50.021+04:00  WARN 18300 --- [Student] [main] JpaBaseConfiguration$JpaWebConfiguration : spring.jpa.open-in-view is enabled by default. Therefore, database queries may be performed during view rendering. Explicitly configure spring.jpa.open-in-view to disable this warning
2024-07-15T10:20:50.465+04:00  INFO 18300 --- [Student] [main] o.s.b.w.embedded.tomcat.TomcatWebServer  : Tomcat started on port 8080 (http) with context path '/'
2024-07-15T10:20:50.474+04:00  INFO 18300 --- [Student] [main] com.ltc.student.StudentApplication       : Started StudentApplication in 4.348 seconds (process running for 4.817)
2024-07-15T10:20:54.425+04:00  INFO 18300 --- [Student] [http-nio-8080-exec-1] o.a.c.c.C.[Tomcat].[localhost].[/]       : Initializing Spring DispatcherServlet 'dispatcherServlet'
2024-07-15T10:20:54.425+04:00  INFO 18300 --- [Student] [http-nio-8080-exec-1] o.s.web.servlet.DispatcherServlet        : Initializing Servlet 'dispatcherServlet'
2024-07-15T10:20:54.427+04:00  INFO 18300 --- [Student] [http-nio-8080-exec-1] o.s.web.servlet.DispatcherServlet        : Completed initialization in 2 ms
2024-07-15T10:20:54.458+04:00  INFO 18300 --- [Student] [http-nio-8080-exec-1] com.ltc.student.service.StudentService   : Fetching all students
2024-07-15T10:20:59.380+04:00  INFO 18300 --- [Student] [http-nio-8080-exec-2] com.ltc.student.service.StudentService   : Fetching all students
2024-07-15T10:21:00.317+04:00  INFO 18300 --- [Student] [http-nio-8080-exec-3] com.ltc.student.service.StudentService   : Fetching all students
2024-07-15T10:21:45.408+04:00  INFO 18300 --- [Student] [SpringApplicationShutdownHook] j.LocalContainerEntityManagerFactoryBean : Closing JPA EntityManagerFactory for persistence unit 'default'
2024-07-15T10:21:45.408+04:00  INFO 18300 --- [Student] [SpringApplicationShutdownHook] com.zaxxer.hikari.HikariDataSource       : HikariPool-1 - Shutdown initiated...
2024-07-15T10:21:45.421+04:00  INFO 18300 --- [Student] [SpringApplicationShutdownHook] com.zaxxer.hikari.HikariDataSource       : HikariPool-1 - Shutdown completed.
